0 verbose cli /usr/local/bin/node /usr/local/bin/npm
1 info using npm@10.5.0
2 info using node@v20.12.2
3 timing npm:load:whichnode Completed in 3ms
4 timing config:load:defaults Completed in 3ms
5 timing config:load:file:/usr/local/lib/node_modules/npm/npmrc Completed in 4ms
6 timing config:load:builtin Completed in 4ms
7 timing config:load:cli Completed in 2ms
8 timing config:load:env Completed in 0ms
9 timing config:load:project Completed in 3ms
10 timing config:load:file:/root/.npmrc Completed in 13ms
11 timing config:load:user Completed in 13ms
12 timing config:load:file:/usr/local/etc/npmrc Completed in 1ms
13 timing config:load:global Completed in 1ms
14 timing config:load:setEnvs Completed in 1ms
15 timing config:load Completed in 27ms
16 timing npm:load:configload Completed in 27ms
17 timing config:load:flatten Completed in 2ms
18 timing npm:load:mkdirpcache Completed in 4ms
19 timing npm:load:mkdirplogs Completed in 5ms
20 verbose title npm install
21 verbose argv "install"
22 timing npm:load:setTitle Completed in 1ms
23 timing npm:load:display Completed in 1ms
24 verbose logfile logs-max:10 dir:/root/.npm/_logs/2024-06-04T06_32_13_448Z-
25 verbose logfile /root/.npm/_logs/2024-06-04T06_32_13_448Z-debug-0.log
26 timing npm:load:logFile Completed in 23ms
27 timing npm:load:timers Completed in 0ms
28 timing npm:load:configScope Completed in 0ms
29 timing npm:load Completed in 91ms
30 timing arborist:ctor Completed in 1ms
31 silly logfile done cleaning log files
32 timing idealTree:init Completed in 630ms
33 timing idealTree:userRequests Completed in 0ms
34 silly idealTree buildDeps
35 timing idealTree:#root Completed in 0ms
36 timing idealTree:buildDeps Completed in 2ms
37 timing idealTree:fixDepFlags Completed in 1ms
38 timing idealTree Completed in 646ms
39 verbose shrinkwrap failed to load node_modules/.package-lock.json missing from lockfile: node_modules/@vscode/node-addon-api
40 timing reify:loadTrees Completed in 27730ms
41 timing reify:diffTrees Completed in 1040ms
42 silly reify mark retired [ '/root/node_modules/@vscode/node-addon-api' ]
43 silly reify moves {
43 silly reify   '/root/node_modules/@vscode/node-addon-api': '/root/node_modules/@vscode/.node-addon-api-fWg3KFkB'
43 silly reify }
44 timing reify:retireShallow Completed in 49ms
45 timing reify:createSparse Completed in 7ms
46 timing reify:loadBundles Completed in 0ms
47 silly audit bulk request {
47 silly audit   '@aashutoshrathi/word-wrap': [ '1.2.6' ],
47 silly audit   '@ampproject/remapping': [ '2.3.0' ],
47 silly audit   '@babel/code-frame': [ '7.24.2' ],
47 silly audit   '@babel/compat-data': [ '7.24.4' ],
47 silly audit   '@babel/core': [ '7.24.4' ],
47 silly audit   semver: [ '6.3.1', '7.6.0' ],
47 silly audit   '@babel/generator': [ '7.24.4' ],
47 silly audit   '@babel/helper-compilation-targets': [ '7.23.6' ],
47 silly audit   '@babel/helper-environment-visitor': [ '7.22.20' ],
47 silly audit   '@babel/helper-function-name': [ '7.23.0' ],
47 silly audit   '@babel/helper-hoist-variables': [ '7.22.5' ],
47 silly audit   '@babel/helper-module-imports': [ '7.24.3' ],
47 silly audit   '@babel/helper-module-transforms': [ '7.23.3' ],
47 silly audit   '@babel/helper-plugin-utils': [ '7.24.0' ],
47 silly audit   '@babel/helper-simple-access': [ '7.22.5' ],
47 silly audit   '@babel/helper-split-export-declaration': [ '7.22.6' ],
47 silly audit   '@babel/helper-string-parser': [ '7.24.1' ],
47 silly audit   '@babel/helper-validator-identifier': [ '7.22.20' ],
47 silly audit   '@babel/helper-validator-option': [ '7.23.5' ],
47 silly audit   '@babel/helpers': [ '7.24.4' ],
47 silly audit   '@babel/highlight': [ '7.24.2' ],
47 silly audit   'ansi-styles': [ '3.2.1', '4.3.0', '5.2.0', '6.1.0' ],
47 silly audit   chalk: [ '2.4.2', '5.0.1', '4.1.2', '5.3.0' ],
47 silly audit   'color-convert': [ '1.9.3', '2.0.1' ],
47 silly audit   'color-name': [ '1.1.3', '1.1.4' ],
47 silly audit   'has-flag': [ '3.0.0', '4.0.0' ],
47 silly audit   'supports-color': [ '5.5.0', '8.1.1', '7.2.0' ],
47 silly audit   '@babel/parser': [ '7.24.4' ],
47 silly audit   '@babel/plugin-syntax-async-generators': [ '7.8.4' ],
47 silly audit   '@babel/plugin-syntax-bigint': [ '7.8.3' ],
47 silly audit   '@babel/plugin-syntax-class-properties': [ '7.12.13' ],
47 silly audit   '@babel/plugin-syntax-import-meta': [ '7.10.4' ],
47 silly audit   '@babel/plugin-syntax-json-strings': [ '7.8.3' ],
47 silly audit   '@babel/plugin-syntax-jsx': [ '7.24.1' ],
47 silly audit   '@babel/plugin-syntax-logical-assignment-operators': [ '7.10.4' ],
47 silly audit   '@babel/plugin-syntax-nullish-coalescing-operator': [ '7.8.3' ],
47 silly audit   '@babel/plugin-syntax-numeric-separator': [ '7.10.4' ],
47 silly audit   '@babel/plugin-syntax-object-rest-spread': [ '7.8.3' ],
47 silly audit   '@babel/plugin-syntax-optional-catch-binding': [ '7.8.3' ],
47 silly audit   '@babel/plugin-syntax-optional-chaining': [ '7.8.3' ],
47 silly audit   '@babel/plugin-syntax-top-level-await': [ '7.14.5' ],
47 silly audit   '@babel/plugin-syntax-typescript': [ '7.24.1' ],
47 silly audit   '@babel/runtime': [ '7.24.4' ],
47 silly audit   '@babel/template': [ '7.24.0' ],
47 silly audit   '@babel/traverse': [ '7.24.1' ],
47 silly audit   globals: [ '11.12.0', '14.0.0', '13.24.0', '15.0.0' ],
47 silly audit   '@babel/types': [ '7.24.0' ],
47 silly audit   '@bcoe/v8-coverage': [ '0.2.3' ],
47 silly audit   '@colors/colors': [ '1.5.0' ],
47 silly audit   '@discoveryjs/json-ext': [ '0.5.7' ],
47 silly audit   '@eslint-community/eslint-utils': [ '4.4.0' ],
47 silly audit   '@eslint-community/regexpp': [ '4.10.0' ],
47 silly audit   '@eslint/eslintrc': [ '3.0.2', '2.1.4' ],
47 silly audit   '@eslint/js': [ '9.1.1', '8.57.0' ],
47 silly audit   '@fastify/accept-negotiator': [ '1.0.0' ],
47 silly audit   '@fastify/ajv-compiler': [ '3.5.0' ],
47 silly audit   ajv: [ '8.12.0', '6.12.6', '8.11.0' ],
47 silly audit   'json-schema-traverse': [ '1.0.0', '0.4.1' ],
47 silly audit   '@fastify/cookie': [ '9.3.1' ],
47 silly audit   'fastify-plugin': [ '4.5.1', '4.2.0', '2.3.4', '3.0.1' ],
47 silly audit   '@fastify/deepmerge': [ '1.3.0' ],
47 silly audit   '@fastify/error': [ '3.4.1' ],
47 silly audit   '@fastify/fast-json-stringify-compiler': [ '4.3.0' ],
47 silly audit   '@fastify/flash': [ '5.1.0' ],
47 silly audit   '@fastify/formbody': [ '7.4.0' ],
47 silly audit   '@fastify/merge-json-schemas': [ '0.1.1' ],
47 silly audit   '@fastify/secure-session': [ '7.5.1' ],
47 silly audit   '@fastify/send': [ '2.1.0' ],
47 silly audit   '@fastify/sensible': [ '5.5.0' ],
47 silly audit   '@fastify/static': [ '7.0.3' ],
47 silly audit   '@fastify/view': [ '9.0.0' ],
47 silly audit   '@gar/promisify': [ '1.1.3' ],
47 silly audit   '@humanwhocodes/config-array': [ '0.11.14' ],
47 silly audit   '@humanwhocodes/module-importer': [ '1.0.1' ],
47 silly audit   '@humanwhocodes/object-schema': [ '2.0.3' ],
47 silly audit   '@isaacs/cliui': [ '8.0.2' ],
47 silly audit   'ansi-regex': [ '6.0.1', '5.0.1' ],
47 silly audit   'emoji-regex': [ '9.2.2', '8.0.0' ],
47 silly audit   'string-width': [ '5.1.2', '4.2.3' ],
47 silly audit   'strip-ansi': [ '7.1.0', '7.0.1', '6.0.1' ],
47 silly audit   '@istanbuljs/load-nyc-config': [ '1.1.0' ],
47 silly audit   argparse: [ '1.0.10', '2.0.1' ],
47 silly audit   'find-up': [ '4.1.0', '5.0.0', '3.0.0' ],
47 silly audit   'js-yaml': [ '3.14.1', '4.1.0' ],
47 silly audit   'locate-path': [ '5.0.0', '6.0.0', '3.0.0' ],
47 silly audit   'p-limit': [ '2.3.0', '3.1.0' ],
47 silly audit   'p-locate': [ '4.1.0', '5.0.0', '3.0.0' ],
47 silly audit   '@istanbuljs/schema': [ '0.1.3' ],
47 silly audit   '@jest/console': [ '29.7.0' ],
47 silly audit   '@jest/core': [ '29.7.0' ],
47 silly audit   '@jest/environment': [ '29.7.0' ],
47 silly audit   '@jest/expect': [ '29.7.0' ],
47 silly audit   '@jest/expect-utils': [ '29.7.0' ],
47 silly audit   '@jest/fake-timers': [ '29.7.0' ],
47 silly audit   '@jest/globals': [ '29.7.0' ],
47 silly audit   '@jest/reporters': [ '29.7.0' ],
47 silly audit   glob: [ '7.2.3', '10.3.12', '8.1.0' ],
47 silly audit   '@jest/schemas': [ '29.6.3' ],
47 silly audit   '@jest/source-map': [ '29.6.3' ],
47 silly audit   '@jest/test-result': [ '29.7.0' ],
47 silly audit   '@jest/test-sequencer': [ '29.7.0' ],
47 silly audit   '@jest/transform': [ '29.7.0' ],
47 silly audit   '@jest/types': [ '29.6.3' ],
47 silly audit   '@jridgewell/gen-mapping': [ '0.3.5' ],
47 silly audit   '@jridgewell/resolve-uri': [ '3.1.2' ],
47 silly audit   '@jridgewell/set-array': [ '1.2.1' ],
47 silly audit   '@jridgewell/source-map': [ '0.3.6' ],
47 silly audit   '@jridgewell/sourcemap-codec': [ '1.4.15' ],
47 silly audit   '@jridgewell/trace-mapping': [ '0.3.25' ],
47 silly audit   '@lukeed/ms': [ '2.0.2' ],
47 silly audit   '@nodelib/fs.scandir': [ '2.1.5' ],
47 silly audit   '@nodelib/fs.stat': [ '2.0.5' ],
47 silly audit   '@nodelib/fs.walk': [ '1.2.8' ],
47 silly audit   '@npmcli/fs': [ '3.1.0', '2.1.2', '1.1.1' ],
47 silly audit   '@npmcli/git': [ '4.1.0' ],
47 silly audit   'lru-cache': [ '7.18.3', '5.1.1', '10.2.0', '6.0.0' ],
47 silly audit   which: [ '3.0.1', '2.0.2' ],
47 silly audit   '@npmcli/installed-package-contents': [ '2.0.2' ],
47 silly audit   '@npmcli/move-file': [ '2.0.1', '1.1.2' ],
47 silly audit   '@npmcli/node-gyp': [ '3.0.0' ],
47 silly audit   '@npmcli/promise-spawn': [ '6.0.2' ],
47 silly audit   '@npmcli/run-script': [ '6.0.2' ],
47 silly audit   '@one-ini/wasm': [ '0.1.1' ],
47 silly audit   '@pkgjs/parseargs': [ '0.11.0' ],
47 silly audit   '@pnpm/network.ca-file': [ '1.0.1' ],
47 silly audit   '@pnpm/npm-conf': [ '1.0.5' ],
47 silly audit   '@popperjs/core': [ '2.11.8' ],
47 silly audit   '@rails/ujs': [ '7.1.3-2' ],
47 silly audit   '@sigstore/bundle': [ '1.1.0' ],
47 silly audit   '@sigstore/protobuf-specs': [ '0.2.1' ],
47 silly audit   '@sigstore/sign': [ '1.0.0' ],
47 silly audit   '@sigstore/tuf': [ '1.0.3' ],
47 silly audit   '@sinclair/typebox': [ '0.27.8' ],
47 silly audit   '@sindresorhus/is': [ '5.3.0' ],
47 silly audit   '@sinonjs/commons': [ '3.0.1' ],
47 silly audit   '@sinonjs/fake-timers': [ '10.3.0' ],
47 silly audit   '@szmarczak/http-timer': [ '5.0.1' ],
47 silly audit   '@tootallnate/once': [ '2.0.0', '1.1.2' ],
47 silly audit   '@tufjs/canonical-json': [ '1.0.0' ],
47 silly audit   '@tufjs/models': [ '1.0.4' ],
47 silly audit   'brace-expansion': [ '2.0.1', '1.1.11' ],
47 silly audit   minimatch: [ '9.0.4', '9.0.1', '5.1.6', '3.1.2' ],
47 silly audit   '@types/babel__core': [ '7.20.5' ],
47 silly audit   '@types/babel__generator': [ '7.6.8' ],
47 silly audit   '@types/babel__template': [ '7.4.4' ],
47 silly audit   '@types/babel__traverse': [ '7.20.5' ],
47 silly audit   '@types/cacheable-request': [ '6.0.2' ],
47 silly audit   '@types/debug': [ '4.1.12' ],
47 silly audit   '@types/eslint': [ '8.4.6' ],
47 silly audit   '@types/eslint-scope': [ '3.7.4' ],
47 silly audit   '@types/estree': [ '1.0.5' ],
47 silly audit   '@types/graceful-fs': [ '4.1.9' ],
47 silly audit   '@types/http-cache-semantics': [ '4.0.1' ],
47 silly audit   '@types/istanbul-lib-coverage': [ '2.0.6' ],
47 silly audit   '@types/istanbul-lib-report': [ '3.0.3' ],
47 silly audit   '@types/istanbul-reports': [ '3.0.4' ],
47 silly audit   '@types/jest': [ '29.5.12' ],
47 silly audit   '@types/json-schema': [ '7.0.11' ],
47 silly audit   '@types/json5': [ '0.0.29' ],
47 silly audit   '@types/keyv': [ '3.1.4' ],
47 silly audit   '@types/ms': [ '0.7.34' ],
47 silly audit   '@types/node': [ '20.12.7' ],
47 silly audit   '@types/responselike': [ '1.0.0' ],
47 silly audit   '@types/semver-utils': [ '1.1.3' ],
47 silly audit   '@types/stack-trace': [ '0.0.29' ],
47 silly audit   '@types/stack-utils': [ '2.0.3' ],
47 silly audit   '@types/validator': [ '13.11.9' ],
47 silly audit   '@types/yargs': [ '17.0.32' ],
47 silly audit   '@types/yargs-parser': [ '21.0.3' ],
47 silly audit   '@ungap/structured-clone': [ '1.2.0' ],
47 silly audit   '@vscode/sqlite3': [ '5.1.2' ],
47 silly audit   '@webassemblyjs/ast': [ '1.12.1' ],
47 silly audit   '@webassemblyjs/floating-point-hex-parser': [ '1.11.6' ],
47 silly audit   '@webassemblyjs/helper-api-error': [ '1.11.6' ],
47 silly audit   '@webassemblyjs/helper-buffer': [ '1.12.1' ],
47 silly audit   '@webassemblyjs/helper-numbers': [ '1.11.6' ],
47 silly audit   '@webassemblyjs/helper-wasm-bytecode': [ '1.11.6' ],
47 silly audit   '@webassemblyjs/helper-wasm-section': [ '1.12.1' ],
47 silly audit   '@webassemblyjs/ieee754': [ '1.11.6' ],
47 silly audit   '@webassemblyjs/leb128': [ '1.11.6' ],
47 silly audit   '@webassemblyjs/utf8': [ '1.11.6' ],
47 silly audit   '@webassemblyjs/wasm-edit': [ '1.12.1' ],
47 silly audit   '@webassemblyjs/wasm-gen': [ '1.12.1' ],
47 silly audit   '@webassemblyjs/wasm-opt': [ '1.12.1' ],
47 silly audit   '@webassemblyjs/wasm-parser': [ '1.12.1' ],
47 silly audit   '@webassemblyjs/wast-printer': [ '1.12.1' ],
47 silly audit   '@webpack-cli/configtest': [ '2.1.1' ],
47 silly audit   '@webpack-cli/info': [ '2.0.2' ],
47 silly audit   '@webpack-cli/serve': [ '2.0.5' ],
47 silly audit   '@xtuc/ieee754': [ '1.2.0' ],
47 silly audit   '@xtuc/long': [ '4.2.2' ],
47 silly audit   abbrev: [ '1.1.1', '2.0.0' ],
47 silly audit   'abort-controller': [ '3.0.0' ],
47 silly audit   'abstract-logging': [ '2.0.1' ],
47 silly audit   acorn: [ '8.11.3', '7.4.1' ],
47 silly audit   'acorn-import-assertions': [ '1.9.0' ],
47 silly audit   'acorn-jsx': [ '5.3.2' ],
47 silly audit   'agent-base': [ '6.0.2' ],
47 silly audit   agentkeepalive: [ '4.2.1' ],
47 silly audit   depd: [ '1.1.2', '2.0.0' ],
47 silly audit   'aggregate-error': [ '3.1.0' ],
47 silly audit   'ajv-formats': [ '2.1.1', '3.0.1' ],
47 silly audit   'ajv-keywords': [ '3.5.2', '5.1.0' ],
47 silly audit   'ansi-align': [ '3.0.1' ],
47 silly audit   'ansi-escapes': [ '4.3.2' ],
47 silly audit   'type-fest': [ '0.21.3', '2.19.0', '1.4.0', '0.20.2' ],
47 silly audit   anymatch: [ '3.1.2' ],
47 silly audit   aproba: [ '2.0.0' ],
47 silly audit   archy: [ '1.0.0' ],
47 silly audit   'are-we-there-yet': [ '3.0.1' ],
47 silly audit   'array-buffer-byte-length': [ '1.0.1' ],
47 silly audit   'array-includes': [ '3.1.8' ],
47 silly audit   'array-union': [ '2.1.0' ],
47 silly audit   'array.prototype.findlastindex': [ '1.2.5' ],
47 silly audit   'array.prototype.flat': [ '1.3.2' ],
47 silly audit   'array.prototype.flatmap': [ '1.3.2' ],
47 silly audit   'arraybuffer.prototype.slice': [ '1.0.3' ],
47 silly audit   asap: [ '2.0.6' ],
47 silly audit   'assert-never': [ '1.2.1' ],
47 silly audit   'at-least-node': [ '1.0.0' ],
47 silly audit   'atomic-sleep': [ '1.0.0' ],
47 silly audit   'available-typed-arrays': [ '1.0.7' ],
47 silly audit   avvio: [ '8.3.0' ],
47 silly audit   'babel-jest': [ '29.7.0' ],
47 silly audit   'babel-plugin-istanbul': [ '6.1.1' ],
47 silly audit   'istanbul-lib-instrument': [ '5.2.1', '6.0.2' ],
47 silly audit   'babel-plugin-jest-hoist': [ '29.6.3' ],
47 silly audit   'babel-preset-current-node-syntax': [ '1.0.1' ],
47 silly audit   'babel-preset-jest': [ '29.6.3' ],
47 silly audit   'babel-walk': [ '3.0.0-canary-5' ],
47 silly audit   'balanced-match': [ '1.0.2' ],
47 silly audit   'base64-js': [ '1.5.1' ],
47 silly audit   'better-sqlite3': [ '8.7.0' ],
47 silly audit   'binary-extensions': [ '2.2.0' ],
47 silly audit   bindings: [ '1.5.0' ],
47 silly audit   bl: [ '4.1.0' ],
47 silly audit   bluebird: [ '3.7.2' ],
47 silly audit   bootstrap: [ '5.3.3' ],
47 silly audit   boxen: [ '7.0.0' ],
47 silly audit   camelcase: [ '7.0.0', '5.3.1', '6.3.0' ],
47 silly audit   braces: [ '3.0.2' ],
47 silly audit   browserslist: [ '4.23.0' ],
47 silly audit   bser: [ '2.1.1' ],
47 silly audit   buffer: [ '5.7.1', '6.0.3' ],
47 silly audit   'buffer-from': [ '1.1.2' ],
47 silly audit   builtins: [ '5.1.0' ],
47 silly audit   cacache: [ '17.1.4', '16.1.3', '15.3.0' ],
47 silly audit   'fs-minipass': [ '3.0.3', '2.1.0' ],
47 silly audit   minipass: [ '7.0.4', '5.0.0', '3.3.4' ],
47 silly audit   'unique-filename': [ '3.0.0', '2.0.1', '1.1.1' ],
47 silly audit   'unique-slug': [ '4.0.0', '3.0.0', '2.0.2' ],
47 silly audit   'cacheable-lookup': [ '6.1.0' ],
47 silly audit   'cacheable-request': [ '7.0.2' ],
47 silly audit   'get-stream': [ '5.2.0', '6.0.1' ],
47 silly audit   'lowercase-keys': [ '2.0.0', '3.0.0' ],
47 silly audit   'call-bind': [ '1.0.7' ],
47 silly audit   callsites: [ '3.1.0' ],
47 silly audit   'caniuse-lite': [ '1.0.30001612' ],
47 silly audit   'char-regex': [ '1.0.2' ],
47 silly audit   'character-parser': [ '2.2.0' ],
47 silly audit   chokidar: [ '3.5.3' ],
47 silly audit   'glob-parent': [ '5.1.2', '6.0.2' ],
47 silly audit   chownr: [ '2.0.0', '1.1.4' ],
47 silly audit   'chrome-trace-event': [ '1.0.3' ],
47 silly audit   'ci-info': [ '3.3.2' ],
47 silly audit   'cjs-module-lexer': [ '1.2.3' ],
47 silly audit   'clean-stack': [ '2.2.0' ],
47 silly audit   'cli-boxes': [ '3.0.0' ],
47 silly audit   'cli-color': [ '2.0.4' ],
47 silly audit   'cli-table3': [ '0.6.4' ],
47 silly audit   cliui: [ '8.0.1', '7.0.4' ],
47 silly audit   'wrap-ansi': [ '7.0.0', '8.1.0' ],
47 silly audit   'clone-deep': [ '4.0.1' ],
47 silly audit   'clone-response': [ '1.0.3' ],
47 silly audit   'close-with-grace': [ '1.1.0' ],
47 silly audit   co: [ '4.6.0' ],
47 silly audit   'collect-v8-coverage': [ '1.0.2' ],
47 silly audit   'color-support': [ '1.1.3' ],
47 silly audit   colorette: [ '2.0.19' ],
47 silly audit   commander: [ '10.0.1', '2.20.3' ],
47 silly audit   commist: [ '3.0.0' ],
47 silly audit   'concat-map': [ '0.0.1' ],
47 silly audit   concurrently: [ '8.2.2' ],
47 silly audit   'config-chain': [ '1.1.13' ],
47 silly audit   ini: [ '1.3.8', '2.0.0', '4.1.2' ],
47 silly audit   configstore: [ '6.0.0' ],
47 silly audit   'write-file-atomic': [ '3.0.3', '4.0.2' ],
47 silly audit   'confusing-browser-globals': [ '1.0.11' ],
47 silly audit   'console-control-strings': [ '1.1.0' ],
47 silly audit   constantinople: [ '4.0.1' ],
47 silly audit   'content-disposition': [ '0.5.4' ],
47 silly audit   'convert-source-map': [ '2.0.0' ],
47 silly audit   cookie: [ '0.6.0', '0.4.2' ],
47 silly audit   'cookie-signature': [ '1.2.1' ],
47 silly audit   'create-jest': [ '29.7.0' ],
47 silly audit   'cross-spawn': [ '7.0.3' ],
47 silly audit   'crypto-random-string': [ '4.0.0' ],
47 silly audit   'css-loader': [ '7.1.1' ],
47 silly audit   cssesc: [ '3.0.0' ],
47 silly audit   d: [ '1.0.2' ],
47 silly audit   'data-view-buffer': [ '1.0.1' ],
47 silly audit   'data-view-byte-length': [ '1.0.1' ],
47 silly audit   'data-view-byte-offset': [ '1.0.0' ],
47 silly audit   'date-fns': [ '2.30.0' ],
47 silly audit   dateformat: [ '4.6.3' ],
47 silly audit   'db-errors': [ '0.2.3' ],
47 silly audit   debug: [ '4.3.4', '3.2.7' ],
47 silly audit   ms: [ '2.1.2', '2.1.3' ],
47 silly audit   'decompress-response': [ '6.0.0' ],
47 silly audit   'mimic-response': [ '3.1.0', '1.0.1' ],
47 silly audit   dedent: [ '1.5.3' ],
47 silly audit   'deep-extend': [ '0.6.0' ],
47 silly audit   'deep-is': [ '0.1.4' ],
47 silly audit   deepmerge: [ '4.3.1' ],
47 silly audit   'defer-to-connect': [ '2.0.1' ],
47 silly audit   'define-data-property': [ '1.1.4' ],
47 silly audit   'define-properties': [ '1.2.1' ],
47 silly audit   delegates: [ '1.0.0' ],
47 silly audit   'detect-libc': [ '2.0.3' ],
47 silly audit   'detect-newline': [ '3.1.0' ],
47 silly audit   'diff-sequences': [ '29.6.3' ],
47 silly audit   'dir-glob': [ '3.0.1' ],
47 silly audit   doctrine: [ '3.0.0', '2.1.0' ],
47 silly audit   doctypes: [ '1.1.0' ],
47 silly audit   'dot-prop': [ '6.0.1' ],
47 silly audit   dotenv: [ '16.4.5' ],
47 silly audit   dottie: [ '2.0.6' ],
47 silly audit   eastasianwidth: [ '0.2.0' ],
47 silly audit   editorconfig: [ '1.0.4' ],
47 silly audit   'electron-to-chromium': [ '1.4.746' ],
47 silly audit   emittery: [ '0.13.1' ],
47 silly audit   encoding: [ '0.1.13' ],
47 silly audit   'end-of-stream': [ '1.4.4' ],
47 silly audit   'enhanced-resolve': [ '5.16.0' ],
47 silly audit   entities: [ '3.0.1' ],
47 silly audit   'env-paths': [ '2.2.1' ],
47 silly audit   envinfo: [ '7.12.0' ],
47 silly audit   'err-code': [ '2.0.3' ],
47 silly audit   'error-ex': [ '1.3.2' ],
47 silly audit   'es-abstract': [ '1.23.3' ],
47 silly audit   'es-define-property': [ '1.0.0' ],
47 silly audit   'es-errors': [ '1.3.0' ],
47 silly audit   'es-module-lexer': [ '1.5.0' ],
47 silly audit   'es-object-atoms': [ '1.0.0' ],
47 silly audit   'es-set-tostringtag': [ '2.0.3' ],
47 silly audit   'es-shim-unscopables': [ '1.0.2' ],
47 silly audit   'es-to-primitive': [ '1.2.1' ],
47 silly audit   'es5-ext': [ '0.10.64' ],
47 silly audit   'es6-iterator': [ '2.0.3' ],
47 silly audit   'es6-symbol': [ '3.1.4' ],
47 silly audit   'es6-weak-map': [ '2.0.3' ],
47 silly audit   escalade: [ '3.1.1' ],
47 silly audit   'escape-goat': [ '4.0.0' ],
47 silly audit   'escape-html': [ '1.0.3' ],
47 silly audit   'escape-string-regexp': [ '1.0.5', '4.0.0', '2.0.0' ],
47 silly audit   eslint: [ '8.57.0' ],
47 silly audit   'eslint-config-airbnb-base': [ '15.0.0' ],
47 silly audit   'eslint-import-resolver-node': [ '0.3.9' ],
47 silly audit   'eslint-module-utils': [ '2.8.1' ],
47 silly audit   'eslint-plugin-import': [ '2.29.1' ],
47 silly audit   'eslint-scope': [ '7.2.2', '5.1.1' ],
47 silly audit   'eslint-visitor-keys': [ '3.4.3', '4.0.0' ],
47 silly audit   espree: [ '9.6.1', '10.0.1' ],
47 silly audit   esm: [ '3.2.25' ],
47 silly audit   esniff: [ '2.0.1' ],
47 silly audit   esprima: [ '4.0.1' ],
47 silly audit   esquery: [ '1.5.0' ],
47 silly audit   esrecurse: [ '4.3.0' ],
47 silly audit   estraverse: [ '5.3.0', '4.3.0' ],
47 silly audit   esutils: [ '2.0.3' ],
47 silly audit   'event-emitter': [ '0.3.5' ],
47 silly audit   'event-target-shim': [ '5.0.1' ],
47 silly audit   events: [ '3.3.0' ],
47 silly audit   execa: [ '5.1.1' ],
47 silly audit   exit: [ '0.1.2' ],
47 silly audit   'expand-template': [ '2.0.3' ],
47 silly audit   expect: [ '29.7.0' ],
47 silly audit   'exponential-backoff': [ '3.1.1' ],
47 silly audit   ext: [ '1.7.0' ],
47 silly audit   'fast-content-type-parse': [ '1.1.0' ],
47 silly audit   'fast-copy': [ '3.0.2' ],
47 silly audit   'fast-decode-uri-component': [ '1.0.1' ],
47 silly audit   'fast-deep-equal': [ '3.1.3' ],
47 silly audit   'fast-glob': [ '3.2.11' ],
47 silly audit   'fast-json-stable-stringify': [ '2.1.0' ],
47 silly audit   'fast-json-stringify': [ '5.14.1' ],
47 silly audit   'fast-levenshtein': [ '2.0.6' ],
47 silly audit   'fast-memoize': [ '2.5.2' ],
47 silly audit   'fast-querystring': [ '1.0.0' ],
47 silly audit   'fast-redact': [ '3.5.0' ],
47 silly audit   'fast-safe-stringify': [ '2.1.1' ],
47 silly audit   'fast-uri': [ '2.3.0' ],
47 silly audit   'fastest-levenshtein': [ '1.0.16' ],
47 silly audit   fastify: [ '4.26.2' ],
47 silly audit   'fastify-cli': [ '6.1.1' ],
47 silly audit   'pino-pretty': [ '10.3.1', '11.0.0' ],
47 silly audit   'help-me': [ '5.0.0', '4.2.0' ],
47 silly audit   'readable-stream': [ '4.5.2', '3.6.2' ],
47 silly audit   'fastify-error-page': [ '4.0.0' ],
47 silly audit   'fastify-method-override': [ '1.5.10' ],
47 silly audit   'fastify-objectionjs': [ '2.0.1' ],
47 silly audit   knex: [ '2.5.1', '3.1.0' ],
47 silly audit   'pg-connection-string': [ '2.6.1', '2.6.2', '2.6.4' ],
47 silly audit   'fastify-reverse-routes': [ '3.0.0' ],
47 silly audit   fastq: [ '1.17.1' ],
47 silly audit   'fb-watchman': [ '2.0.2' ],
47 silly audit   'file-entry-cache': [ '6.0.1' ],
47 silly audit   'file-uri-to-path': [ '1.0.0' ],
47 silly audit   'fill-range': [ '7.0.1' ],
47 silly audit   'find-my-way': [ '8.1.0' ],
47 silly audit   'flat-cache': [ '3.2.0' ],
47 silly audit   flatted: [ '3.3.1' ],
47 silly audit   'for-each': [ '0.3.3' ],
47 silly audit   'foreground-child': [ '3.1.1' ],
47 silly audit   'signal-exit': [ '4.1.0', '3.0.7' ],
47 silly audit   'form-data-encoder': [ '2.1.0' ],
47 silly audit   forwarded: [ '0.2.0' ],
47 silly audit   'fp-and-or': [ '0.1.4' ],
47 silly audit   'fs-constants': [ '1.0.0' ],
47 silly audit   'fs-extra': [ '9.1.0' ],
47 silly audit   'fs.realpath': [ '1.0.0' ],
47 silly audit   fsevents: [ '2.3.2' ],
47 silly audit   'function-bind': [ '1.1.2' ],
47 silly audit   'function.prototype.name': [ '1.1.6' ],
47 silly audit   'functions-have-names': [ '1.2.3' ],
47 silly audit   gauge: [ '4.0.4' ],
47 silly audit   generify: [ '4.2.0' ],
47 silly audit   gensync: [ '1.0.0-beta.2' ],
47 silly audit   'get-caller-file': [ '2.0.5' ],
47 silly audit   'get-intrinsic': [ '1.2.4' ],
47 silly audit   'get-package-type': [ '0.1.0' ],
47 silly audit   'get-stdin': [ '8.0.0' ],
47 silly audit   'get-symbol-description': [ '1.0.2' ],
47 silly audit   getopts: [ '2.3.0' ],
47 silly audit   'github-from-package': [ '0.0.0' ],
47 silly audit   'glob-to-regexp': [ '0.4.1' ],
47 silly audit   'global-dirs': [ '3.0.0' ],
47 silly audit   globalthis: [ '1.0.3' ],
47 silly audit   globby: [ '11.1.0' ],
47 silly audit   gopd: [ '1.0.1' ],
47 silly audit   got: [ '12.3.1' ],
47 silly audit   'graceful-fs': [ '4.2.10', '4.2.11' ],
47 silly audit   graphemer: [ '1.4.0' ],
47 silly audit   'has-bigints': [ '1.0.2' ],
47 silly audit   'has-property-descriptors': [ '1.0.2' ],
47 silly audit   'has-proto': [ '1.0.3' ],
47 silly audit   'has-symbols': [ '1.0.3' ],
47 silly audit   'has-tostringtag': [ '1.0.2' ],
47 silly audit   'has-unicode': [ '2.0.1' ],
47 silly audit   'has-yarn': [ '3.0.0' ],
47 silly audit   hashlru: [ '2.3.0' ],
47 silly audit   hasown: [ '2.0.2' ],
47 silly audit   'hosted-git-info': [ '5.2.1', '6.1.1' ],
47 silly audit   'html-escaper': [ '2.0.2' ],
47 silly audit   'http-cache-semantics': [ '4.1.1' ],
47 silly audit   'http-errors': [ '2.0.0' ],
47 silly audit   'http-proxy-agent': [ '5.0.0', '4.0.1' ],
47 silly audit   'http2-wrapper': [ '2.1.11' ],
47 silly audit   'https-proxy-agent': [ '5.0.1' ],
47 silly audit   'human-signals': [ '2.1.0' ],
47 silly audit   'humanize-ms': [ '1.2.1' ],
47 silly audit   i18next: [ '23.11.2' ],
47 silly audit   'iconv-lite': [ '0.6.3' ],
47 silly audit   'icss-utils': [ '5.1.0' ],
47 silly audit   ieee754: [ '1.2.1' ],
47 silly audit   ignore: [ '5.2.0' ],
47 silly audit   'ignore-walk': [ '6.0.4' ],
47 silly audit   'import-fresh': [ '3.3.0' ],
47 silly audit   'resolve-from': [ '4.0.0', '5.0.0' ],
47 silly audit   'import-lazy': [ '4.0.0' ],
47 silly audit   'import-local': [ '3.1.0' ],
47 silly audit   imurmurhash: [ '0.1.4' ],
47 silly audit   'indent-string': [ '4.0.0' ],
47 silly audit   'infer-owner': [ '1.0.4' ],
47 silly audit   inflection: [ '1.13.4' ],
47 silly audit   inflight: [ '1.0.6' ],
47 silly audit   inherits: [ '2.0.4' ],
47 silly audit   'internal-slot': [ '1.0.7' ],
47 silly audit   interpret: [ '2.2.0', '3.1.1' ],
47 silly audit   ip: [ '2.0.0' ],
47 silly audit   'ipaddr.js': [ '1.9.1' ],
47 silly audit   'is-array-buffer': [ '3.0.4' ],
47 silly audit   'is-arrayish': [ '0.2.1' ],
47 silly audit   'is-bigint': [ '1.0.4' ],
47 silly audit   'is-binary-path': [ '2.1.0' ],
47 silly audit   'is-boolean-object': [ '1.1.2' ],
47 silly audit   'is-callable': [ '1.2.7' ],
47 silly audit   'is-ci': [ '3.0.1' ],
47 silly audit   'is-core-module': [ '2.13.1' ],
47 silly audit   'is-data-view': [ '1.0.1' ],
47 silly audit   'is-date-object': [ '1.0.5' ],
47 silly audit   'is-docker': [ '2.2.1' ],
47 silly audit   'is-expression': [ '4.0.0' ],
47 silly audit   'is-extglob': [ '2.1.1' ],
47 silly audit   'is-fullwidth-code-point': [ '3.0.0' ],
47 silly audit   'is-generator-fn': [ '2.1.0' ],
47 silly audit   'is-glob': [ '4.0.3' ],
47 silly audit   'is-installed-globally': [ '0.4.0' ],
47 silly audit   'is-lambda': [ '1.0.1' ],
47 silly audit   'is-negative-zero': [ '2.0.3' ],
47 silly audit   'is-npm': [ '6.0.0' ],
47 silly audit   'is-number': [ '7.0.0' ],
47 silly audit   'is-number-object': [ '1.0.7' ],
47 silly audit   'is-obj': [ '2.0.0' ],
47 silly audit   'is-path-inside': [ '3.0.3' ],
47 silly audit   'is-plain-object': [ '2.0.4' ],
47 silly audit   'is-promise': [ '2.2.2' ],
47 silly audit   'is-regex': [ '1.1.4' ],
47 silly audit   'is-shared-array-buffer': [ '1.0.3' ],
47 silly audit   'is-stream': [ '2.0.1' ],
47 silly audit   'is-string': [ '1.0.7' ],
47 silly audit   'is-symbol': [ '1.0.4' ],
47 silly audit   'is-typed-array': [ '1.1.13' ],
47 silly audit   'is-typedarray': [ '1.0.0' ],
47 silly audit   'is-weakref': [ '1.0.2' ],
47 silly audit   'is-yarn-global': [ '0.4.0' ],
47 silly audit   isarray: [ '2.0.5' ],
47 silly audit   isbinaryfile: [ '4.0.10' ],
47 silly audit   isexe: [ '2.0.0' ],
47 silly audit   isobject: [ '3.0.1' ],
47 silly audit   'istanbul-lib-coverage': [ '3.2.2' ],
47 silly audit   'istanbul-lib-report': [ '3.0.1' ],
47 silly audit   'istanbul-lib-source-maps': [ '4.0.1' ],
47 silly audit   'istanbul-reports': [ '3.1.7' ],
47 silly audit   jackspeak: [ '2.3.6' ],
47 silly audit   jest: [ '29.7.0' ],
47 silly audit   'jest-changed-files': [ '29.7.0' ],
47 silly audit   'jest-circus': [ '29.7.0' ],
47 silly audit   'jest-cli': [ '29.7.0' ],
47 silly audit   'jest-config': [ '29.7.0' ],
47 silly audit   'jest-diff': [ '29.7.0' ],
47 silly audit   'jest-docblock': [ '29.7.0' ],
47 silly audit   'jest-each': [ '29.7.0' ],
47 silly audit   'jest-environment-node': [ '29.7.0' ],
47 silly audit   'jest-get-type': [ '29.6.3' ],
47 silly audit   'jest-haste-map': [ '29.7.0' ],
47 silly audit   'jest-leak-detector': [ '29.7.0' ],
47 silly audit   'jest-matcher-utils': [ '29.7.0' ],
47 silly audit   'jest-message-util': [ '29.7.0' ],
47 silly audit   'jest-mock': [ '29.7.0' ],
47 silly audit   'jest-pnp-resolver': [ '1.2.3' ],
47 silly audit   'jest-regex-util': [ '29.6.3' ],
47 silly audit   'jest-resolve': [ '29.7.0' ],
47 silly audit   'jest-resolve-dependencies': [ '29.7.0' ],
47 silly audit   'jest-runner': [ '29.7.0' ],
47 silly audit   'jest-runtime': [ '29.7.0' ],
47 silly audit   'jest-snapshot': [ '29.7.0' ],
47 silly audit   'jest-util': [ '29.7.0' ],
47 silly audit   'jest-validate': [ '29.7.0' ],
47 silly audit   'jest-watcher': [ '29.7.0' ],
47 silly audit   'jest-worker': [ '29.7.0', '27.5.1' ],
47 silly audit   jju: [ '1.4.0' ],
47 silly audit   joycon: [ '3.1.1' ],
47 silly audit   jquery: [ '3.7.1' ],
47 silly audit   'js-beautify': [ '1.15.1' ],
47 silly audit   nopt: [ '7.2.0', '6.0.0', '5.0.0' ],
47 silly audit   'js-cookie': [ '3.0.5' ],
47 silly audit   'js-stringify': [ '1.0.2' ],
47 silly audit   'js-tokens': [ '4.0.0' ],
47 silly audit   jsesc: [ '2.5.2' ],
47 silly audit   'json-buffer': [ '3.0.1' ],
47 silly audit   'json-parse-even-better-errors': [ '2.3.1', '3.0.1' ],
47 silly audit   'json-parse-helpfulerror': [ '1.0.3' ],
47 silly audit   'json-schema-ref-resolver': [ '1.0.1' ],
47 silly audit   'json-stable-stringify-without-jsonify': [ '1.0.1' ],
47 silly audit   json5: [ '2.2.3', '1.0.2' ],
47 silly audit   jsonfile: [ '6.1.0' ],
47 silly audit   jsonlines: [ '0.1.1' ],
47 silly audit   jsonparse: [ '1.3.1' ],
47 silly audit   jstransformer: [ '1.0.0' ],
47 silly audit   'jstransformer-markdown-it': [ '3.0.0' ],
47 silly audit   keyv: [ '4.5.4' ],
47 silly audit   'kind-of': [ '6.0.3' ],
47 silly audit   kleur: [ '3.0.3', '4.1.5' ],
47 silly audit   'latest-version': [ '7.0.0' ],
47 silly audit   leven: [ '3.1.0' ],
47 silly audit   levn: [ '0.4.1' ],
47 silly audit   'light-my-request': [ '5.13.0' ],
47 silly audit   'lines-and-columns': [ '1.2.4' ],
47 silly audit   'linkify-it': [ '4.0.1' ],
47 silly audit   'loader-runner': [ '4.3.0' ],
47 silly audit   lodash: [ '4.17.21' ],
47 silly audit   'lodash.castarray': [ '4.4.0' ],
47 silly audit   'lodash.compact': [ '3.0.1' ],
47 silly audit   'lodash.isempty': [ '4.4.0' ],
47 silly audit   'lodash.merge': [ '4.6.2' ],
47 silly audit   yallist: [ '3.1.1', '4.0.0' ],
47 silly audit   'lru-queue': [ '0.1.0' ],
47 silly audit   'make-dir': [ '4.0.0' ],
47 silly audit   'make-fetch-happen': [ '11.1.1', '10.2.1', '9.1.0' ],
47 silly audit   'make-promises-safe': [ '5.1.0' ],
47 silly audit   makeerror: [ '1.0.12' ],
47 silly audit   'markdown-it': [ '13.0.2' ],
47 silly audit   mdurl: [ '1.0.1' ],
47 silly audit   'media-typer': [ '0.3.0' ],
47 silly audit   memoizee: [ '0.4.15' ],
47 silly audit   'merge-stream': [ '2.0.0' ],
47 silly audit   merge2: [ '1.4.1' ],
47 silly audit   micromatch: [ '4.0.5' ],
47 silly audit   mime: [ '3.0.0' ],
47 silly audit   'mime-db': [ '1.52.0' ],
47 silly audit   'mime-types': [ '2.1.35' ],
47 silly audit   'mimic-fn': [ '2.1.0' ],
47 silly audit   'mini-css-extract-plugin': [ '2.9.0' ],
47 silly audit   minimist: [ '1.2.6' ],
47 silly audit   'minipass-collect': [ '1.0.2' ],
47 silly audit   'minipass-fetch': [ '3.0.4', '2.1.2', '1.4.1' ],
47 silly audit   'minipass-flush': [ '1.0.5' ],
47 silly audit   'minipass-json-stream': [ '1.0.1' ],
47 silly audit   'minipass-pipeline': [ '1.2.4' ],
47 silly audit   'minipass-sized': [ '1.0.3' ],
47 silly audit   minizlib: [ '2.1.2' ],
47 silly audit   mkdirp: [ '1.0.4' ],
47 silly audit   'mkdirp-classic': [ '0.5.3' ],
47 silly audit   moment: [ '2.30.1' ],
47 silly audit   'moment-timezone': [ '0.5.45' ],
47 silly audit   mustache: [ '4.2.0' ],
47 silly audit   nanoid: [ '3.3.7' ],
47 silly audit   'napi-build-utils': [ '1.0.2' ],
47 silly audit   'natural-compare': [ '1.4.0' ],
47 silly audit   negotiator: [ '0.6.3' ],
47 silly audit   'neo-async': [ '2.6.2' ],
47 silly audit   'next-tick': [ '1.1.0' ],
47 silly audit   'node-abi': [ '3.60.0' ],
47 silly audit   'node-addon-api': [ '4.3.0', '7.1.0' ],
47 silly audit   'node-gyp': [ '9.4.1', '8.4.1' ],
47 silly audit   'node-gyp-build': [ '4.8.0' ],
47 silly audit   ssri: [ '9.0.1', '8.0.1', '10.0.5' ],
47 silly audit   'node-int64': [ '0.4.0' ],
47 silly audit   'node-releases': [ '2.0.14' ],
47 silly audit   'normalize-package-data': [ '5.0.0' ],
47 silly audit   'normalize-path': [ '3.0.0' ],
47 silly audit   'normalize-url': [ '6.1.0' ],
47 silly audit   'npm-bundled': [ '3.0.0' ],
47 silly audit   'npm-check-updates': [ '16.14.18' ],
47 silly audit   rimraf: [ '5.0.5', '3.0.2' ],
47 silly audit   'source-map-support': [ '0.5.21', '0.5.13' ],
47 silly audit   'strip-json-comments': [ '5.0.1', '2.0.1', '3.1.1' ],
47 silly audit   'npm-install-checks': [ '6.3.0' ],
47 silly audit   'npm-normalize-package-bin': [ '3.0.1' ],
47 silly audit   'npm-package-arg': [ '10.1.0' ],
47 silly audit   'npm-packlist': [ '7.0.4' ],
47 silly audit   'npm-pick-manifest': [ '8.0.2' ],
47 silly audit   'npm-registry-fetch': [ '14.0.5' ],
47 silly audit   'npm-run-path': [ '4.0.1' ],
47 silly audit   npmlog: [ '6.0.2' ],
47 silly audit   'object-assign': [ '4.1.1' ],
47 silly audit   'object-inspect': [ '1.13.1' ],
47 silly audit   'object-keys': [ '1.1.1' ],
47 silly audit   'object.assign': [ '4.1.5' ],
47 silly audit   'object.entries': [ '1.1.8' ],
47 silly audit   'object.fromentries': [ '2.0.8' ],
47 silly audit   'object.groupby': [ '1.0.3' ],
47 silly audit   'object.values': [ '1.2.0' ],
47 silly audit   objection: [ '3.1.4' ],
47 silly audit   'objection-unique': [ '1.2.2' ],
47 silly audit   'on-exit-leak-free': [ '2.1.2' ],
47 silly audit   once: [ '1.4.0' ],
47 silly audit   onetime: [ '5.1.2' ],
47 silly audit   optionator: [ '0.9.3' ],
47 silly audit   'p-cancelable': [ '3.0.0' ],
47 silly audit   'p-map': [ '4.0.0' ],
47 silly audit   'p-try': [ '2.2.0' ],
47 silly audit   'package-json': [ '8.1.0' ],
47 silly audit   pacote: [ '15.2.0' ],
47 silly audit   'parent-module': [ '1.0.1' ],
47 silly audit   'parse-github-url': [ '1.0.2' ],
47 silly audit   'parse-json': [ '5.2.0' ],
47 silly audit   'path-exists': [ '4.0.0', '3.0.0' ],
47 silly audit   'path-is-absolute': [ '1.0.1' ],
47 silly audit   'path-key': [ '3.1.1' ],
47 silly audit   'path-parse': [ '1.0.7' ],
47 silly audit   'path-scurry': [ '1.10.2' ],
47 silly audit   'path-to-regexp': [ '6.2.1' ],
47 silly audit   'path-type': [ '4.0.0' ],
47 silly audit   pg: [ '8.11.5' ],
47 silly audit   'pg-cloudflare': [ '1.1.1' ],
47 silly audit   'pg-int8': [ '1.0.1' ],
47 silly audit   'pg-pool': [ '3.6.2' ],
47 silly audit   'pg-protocol': [ '1.6.1' ],
47 silly audit   'pg-types': [ '2.2.0' ],
47 silly audit   pgpass: [ '1.0.5' ],
47 silly audit   split2: [ '4.2.0', '3.2.2' ],
47 silly audit   picocolors: [ '1.0.0' ],
47 silly audit   picomatch: [ '2.3.1' ],
47 silly audit   pino: [ '8.20.0' ],
47 silly audit   'pino-abstract-transport': [ '1.2.0' ],
47 silly audit   'pino-std-serializers': [ '6.2.2' ],
47 silly audit   pirates: [ '4.0.6' ],
47 silly audit   'pkg-dir': [ '4.2.0' ],
47 silly audit   'pkg-up': [ '3.1.0' ],
47 silly audit   'possible-typed-array-names': [ '1.0.0' ],
47 silly audit   postcss: [ '8.4.38' ],
47 silly audit   'postcss-modules-extract-imports': [ '3.1.0' ],
47 silly audit   'postcss-modules-local-by-default': [ '4.0.5' ],
47 silly audit   'postcss-modules-scope': [ '3.2.0' ],
47 silly audit   'postcss-modules-values': [ '4.0.0' ],
47 silly audit   'postcss-selector-parser': [ '6.0.16' ],
47 silly audit   'postcss-value-parser': [ '4.2.0' ],
47 silly audit   'postgres-array': [ '2.0.0' ],
47 silly audit   'postgres-bytea': [ '1.0.0' ],
47 silly audit   'postgres-date': [ '1.0.7' ],
47 silly audit   'postgres-interval': [ '1.2.0' ],
47 silly audit   'prebuild-install': [ '7.1.2' ],
47 silly audit   'prelude-ls': [ '1.2.1' ],
47 silly audit   'pretty-format': [ '29.7.0' ],
47 silly audit   'proc-log': [ '3.0.0' ],
47 silly audit   process: [ '0.11.10' ],
47 silly audit   'process-warning': [ '3.0.0' ],
47 silly audit   progress: [ '2.0.3' ],
47 silly audit   promise: [ '7.3.1' ],
47 silly audit   'promise-inflight': [ '1.0.1' ],
47 silly audit   'promise-retry': [ '2.0.1' ],
47 silly audit   prompts: [ '2.4.2' ],
47 silly audit   'prompts-ncu': [ '3.0.0' ],
47 silly audit   'proto-list': [ '1.2.4' ],
47 silly audit   'proxy-addr': [ '2.0.7' ],
47 silly audit   pug: [ '3.0.2' ],
47 silly audit   'pug-attrs': [ '3.0.0' ],
47 silly audit   'pug-code-gen': [ '3.0.2' ],
47 silly audit   'pug-error': [ '2.0.0' ],
47 silly audit   'pug-filters': [ '4.0.0' ],
47 silly audit   'pug-lexer': [ '5.0.1' ],
47 silly audit   'pug-linker': [ '4.0.0' ],
47 silly audit   'pug-load': [ '3.0.0' ],
47 silly audit   'pug-parser': [ '6.0.0' ],
47 silly audit   'pug-runtime': [ '3.0.1' ],
47 silly audit   'pug-strip-comments': [ '2.0.0' ],
47 silly audit   'pug-walk': [ '2.0.0' ],
47 silly audit   pump: [ '3.0.0' ],
47 silly audit   punycode: [ '2.1.1' ],
47 silly audit   pupa: [ '3.1.0' ],
47 silly audit   'pure-rand': [ '6.1.0' ],
47 silly audit   qs: [ '6.12.1' ],
47 silly audit   'queue-microtask': [ '1.2.3' ],
47 silly audit   'quick-format-unescaped': [ '4.0.4' ],
47 silly audit   'quick-lru': [ '5.1.1' ],
47 silly audit   randombytes: [ '2.1.0' ],
47 silly audit   rc: [ '1.2.8' ],
47 silly audit   'rc-config-loader': [ '4.1.3' ],
47 silly audit   'react-is': [ '18.2.0' ],
47 silly audit   'read-package-json': [ '6.0.4' ],
47 silly audit   'read-package-json-fast': [ '3.0.2' ],
47 silly audit   readdirp: [ '3.6.0' ],
47 silly audit   'real-require': [ '0.2.0' ],
47 silly audit   rechoir: [ '0.8.0' ],
47 silly audit   'regenerator-runtime': [ '0.14.1' ],
47 silly audit   'regexp.prototype.flags': [ '1.5.2' ],
47 silly audit   'registry-auth-token': [ '5.0.1' ],
47 silly audit   'registry-url': [ '6.0.1' ],
47 silly audit   'remote-git-tags': [ '3.0.0' ],
47 silly audit   'require-directory': [ '2.1.1' ],
47 silly audit   'require-from-string': [ '2.0.2' ],
47 silly audit   resolve: [ '1.22.8' ],
47 silly audit   'resolve-alpn': [ '1.2.1' ],
47 silly audit   'resolve-cwd': [ '3.0.0' ],
47 silly audit   'resolve.exports': [ '2.0.2' ],
47 silly audit   responselike: [ '2.0.1' ],
47 silly audit   ret: [ '0.2.2' ],
47 silly audit   retry: [ '0.12.0' ],
47 silly audit   'retry-as-promised': [ '7.0.4' ],
47 silly audit   reusify: [ '1.0.4' ],
47 silly audit   rfdc: [ '1.3.1' ],
47 silly audit   'run-parallel': [ '1.2.0' ],
47 silly audit   rxjs: [ '7.8.1' ],
47 silly audit   'safe-array-concat': [ '1.1.2' ],
47 silly audit   'safe-buffer': [ '5.2.1' ],
47 silly audit   'safe-regex-test': [ '1.0.3' ],
47 silly audit   'safe-regex2': [ '2.0.0' ],
47 silly audit   'safe-stable-stringify': [ '2.4.3' ],
47 silly audit   'safer-buffer': [ '2.1.2' ],
47 silly audit   'schema-utils': [ '4.0.0', '3.3.0' ],
47 silly audit   'secure-json-parse': [ '2.7.0' ],
47 silly audit   'semver-diff': [ '4.0.0' ],
47 silly audit   'semver-utils': [ '1.1.4' ],
47 silly audit   sequelize: [ '6.37.3' ],
47 silly audit   'sequelize-cli': [ '6.6.2' ],
47 silly audit   yargs: [ '16.2.0', '17.7.2' ],
47 silly audit   'yargs-parser': [ '20.2.9', '21.1.1' ],
47 silly audit   'sequelize-pool': [ '7.1.0' ],
47 silly audit   'serialize-javascript': [ '6.0.2' ],
47 silly audit   'set-blocking': [ '2.0.0' ],
47 silly audit   'set-cookie-parser': [ '2.6.0' ],
47 silly audit   'set-function-length': [ '1.2.2' ],
47 silly audit   'set-function-name': [ '2.0.2' ],
47 silly audit   setprototypeof: [ '1.2.0' ],
47 silly audit   'shallow-clone': [ '3.0.1' ],
47 silly audit   'shebang-command': [ '2.0.0' ],
47 silly audit   'shebang-regex': [ '3.0.0' ],
47 silly audit   'shell-quote': [ '1.8.1' ],
47 silly audit   'side-channel': [ '1.0.6' ],
47 silly audit   sigstore: [ '1.9.0' ],
47 silly audit   'simple-concat': [ '1.0.1' ],
47 silly audit   'simple-get': [ '4.0.1' ],
47 silly audit   sisteransi: [ '1.0.5' ],
47 silly audit   slash: [ '3.0.0' ],
47 silly audit   'smart-buffer': [ '4.2.0' ],
47 silly audit   socks: [ '2.7.0' ],
47 silly audit   'socks-proxy-agent': [ '7.0.0', '6.2.1' ],
47 silly audit   'sodium-native': [ '4.1.1' ],
47 silly audit   'sonic-boom': [ '3.8.1' ],
47 silly audit   'source-map': [ '0.6.1' ],
47 silly audit   'source-map-js': [ '1.2.0' ],
47 silly audit   'spawn-command': [ '0.0.2' ],
47 silly audit   'spawn-please': [ '2.0.2' ],
47 silly audit   'spdx-correct': [ '3.2.0' ],
47 silly audit   'spdx-exceptions': [ '2.5.0' ],
47 silly audit   'spdx-expression-parse': [ '3.0.1' ],
47 silly audit   'spdx-license-ids': [ '3.0.17' ],
47 silly audit   'sprintf-js': [ '1.0.3' ],
47 silly audit   sqlite3: [ '5.1.7' ],
47 silly audit   'stack-trace': [ '0.0.10' ],
47 silly audit   'stack-utils': [ '2.0.6' ],
47 silly audit   statuses: [ '2.0.1' ],
47 silly audit   string_decoder: [ '1.3.0' ],
47 silly audit   'string-length': [ '4.0.2' ],
47 silly audit   'string.prototype.trim': [ '1.2.9' ],
47 silly audit   'string.prototype.trimend': [ '1.0.8' ],
47 silly audit   'string.prototype.trimstart': [ '1.0.8' ],
47 silly audit   'strip-bom': [ '4.0.0', '3.0.0' ],
47 silly audit   'strip-final-newline': [ '2.0.0' ],
47 silly audit   'style-loader': [ '4.0.0' ],
47 silly audit   'supports-preserve-symlinks-flag': [ '1.0.0' ],
47 silly audit   tapable: [ '2.2.1' ],
47 silly audit   tar: [ '6.1.11' ],
47 silly audit   'tar-fs': [ '2.1.1' ],
47 silly audit   'tar-stream': [ '2.2.0' ],
47 silly audit   tarn: [ '3.0.2' ],
47 silly audit   terser: [ '5.30.4' ],
47 silly audit   'terser-webpack-plugin': [ '5.3.10' ],
47 silly audit   'test-exclude': [ '6.0.0' ],
47 silly audit   'text-table': [ '0.2.0' ],
47 silly audit   'thread-stream': [ '2.6.0' ],
47 silly audit   tildify: [ '2.0.0' ],
47 silly audit   'timers-ext': [ '0.1.7' ],
47 silly audit   tmpl: [ '1.0.5' ],
47 silly audit   'to-fast-properties': [ '2.0.0' ],
47 silly audit   'to-regex-range': [ '5.0.1' ],
47 silly audit   'toad-cache': [ '3.7.0' ],
47 silly audit   toidentifier: [ '1.0.1' ],
47 silly audit   'token-stream': [ '1.0.0' ],
47 silly audit   'toposort-class': [ '1.0.1' ],
47 silly audit   'tree-kill': [ '1.2.2' ],
47 silly audit   'tsconfig-paths': [ '3.15.0' ],
47 silly audit   tslib: [ '2.6.2' ],
47 silly audit   'tuf-js': [ '1.1.7' ],
47 silly audit   'tunnel-agent': [ '0.6.0' ],
47 silly audit   type: [ '2.7.2' ],
47 silly audit   'type-check': [ '0.4.0' ],
47 silly audit   'type-detect': [ '4.0.8' ],
47 silly audit   'type-is': [ '1.6.18' ],
47 silly audit   'typed-array-buffer': [ '1.0.2' ],
47 silly audit   'typed-array-byte-length': [ '1.0.1' ],
47 silly audit   'typed-array-byte-offset': [ '1.0.2' ],
47 silly audit   'typed-array-length': [ '1.0.6' ],
47 silly audit   'typedarray-to-buffer': [ '3.1.5' ],
47 silly audit   'uc.micro': [ '1.0.6' ],
47 silly audit   umzug: [ '2.3.0' ],
47 silly audit   'unbox-primitive': [ '1.0.2' ],
47 silly audit   'undici-types': [ '5.26.5' ],
47 silly audit   'unique-string': [ '3.0.0' ],
47 silly audit   universalify: [ '2.0.1' ],
47 silly audit   untildify: [ '4.0.0' ],
47 silly audit   'update-browserslist-db': [ '1.0.13' ],
47 silly audit   'update-notifier': [ '6.0.2' ],
47 silly audit   'uri-js': [ '4.4.1' ],
47 silly audit   'util-deprecate': [ '1.0.2' ],
47 silly audit   uuid: [ '8.3.2' ],
47 silly audit   'v8-to-istanbul': [ '9.2.0' ],
47 silly audit   'validate-npm-package-license': [ '3.0.4' ],
47 silly audit   'validate-npm-package-name': [ '5.0.0' ],
47 silly audit   validator: [ '13.11.0' ],
47 silly audit   vary: [ '1.1.2' ],
47 silly audit   'void-elements': [ '3.1.0' ],
47 silly audit   walker: [ '1.0.8' ],
47 silly audit   watchpack: [ '2.4.1' ],
47 silly audit   webpack: [ '5.91.0' ],
47 silly audit   'webpack-cli': [ '5.1.4' ],
47 silly audit   'webpack-merge': [ '5.8.0' ],
47 silly audit   'webpack-sources': [ '3.2.3' ],
47 silly audit   'which-boxed-primitive': [ '1.0.2' ],
47 silly audit   'which-typed-array': [ '1.1.15' ],
47 silly audit   'wide-align': [ '1.1.5' ],
47 silly audit   'widest-line': [ '4.0.1' ],
47 silly audit   wildcard: [ '2.0.0' ],
47 silly audit   with: [ '7.0.2' ],
47 silly audit   wkx: [ '0.5.0' ],
47 silly audit   wrappy: [ '1.0.2' ],
47 silly audit   'xdg-basedir': [ '5.1.0' ],
47 silly audit   xtend: [ '4.0.2' ],
47 silly audit   y18n: [ '5.0.8' ],
47 silly audit   'yocto-queue': [ '0.1.0' ],
47 silly audit   youch: [ '2.2.2' ]
47 silly audit }
48 verbose reify failed optional dependency /root/node_modules/fsevents
49 silly reify mark deleted [ '/root/node_modules/fsevents' ]
50 timing reifyNode:node_modules/fsevents Completed in 118ms
51 timing reify:unpack Completed in 119ms
52 timing reify:unretire Completed in 0ms
53 timing build:queue Completed in 5ms
54 timing build:deps Completed in 7ms
55 timing build Completed in 7ms
56 timing reify:build Completed in 8ms
57 timing reify:trash Completed in 45ms
58 timing reify:save Completed in 504ms
59 http fetch POST 200 https://registry.npmjs.org/-/npm/v1/security/advisories/bulk 1374ms
60 timing auditReport:getReport Completed in 1428ms
61 silly audit report {
61 silly audit report   ip: [
61 silly audit report     {
61 silly audit report       id: 1096571,
61 silly audit report       url: 'https://github.com/advisories/GHSA-78xj-cgh5-2h22',
61 silly audit report       title: 'NPM IP package incorrectly identifies some private IP addresses as public',
61 silly audit report       severity: 'moderate',
61 silly audit report       vulnerable_versions: '=2.0.0',
61 silly audit report       cwe: [Array],
61 silly audit report       cvss: [Object]
61 silly audit report     },
61 silly audit report     {
61 silly audit report       id: 1097346,
61 silly audit report       url: 'https://github.com/advisories/GHSA-2p57-rm9w-gvfp',
61 silly audit report       title: 'ip SSRF improper categorization in isPublic',
61 silly audit report       severity: 'high',
61 silly audit report       vulnerable_versions: '<=2.0.1',
61 silly audit report       cwe: [Array],
61 silly audit report       cvss: [Object]
61 silly audit report     }
61 silly audit report   ],
61 silly audit report   pug: [
61 silly audit report     {
61 silly audit report       id: 1097337,
61 silly audit report       url: 'https://github.com/advisories/GHSA-3965-hpx2-q597',
61 silly audit report       title: 'Pug allows JavaScript code execution if an application accepts untrusted input',
61 silly audit report       severity: 'high',
61 silly audit report       vulnerable_versions: '<=3.0.2',
61 silly audit report       cwe: [Array],
61 silly audit report       cvss: [Object]
61 silly audit report     }
61 silly audit report   ],
61 silly audit report   tar: [
61 silly audit report     {
61 silly audit report       id: 1096915,
61 silly audit report       url: 'https://github.com/advisories/GHSA-f5x3-32g6-xq36',
61 silly audit report       title: 'Denial of service while parsing a tar file due to lack of folders count validation',
61 silly audit report       severity: 'moderate',
61 silly audit report       vulnerable_versions: '<6.2.1',
61 silly audit report       cwe: [Array],
61 silly audit report       cvss: [Object]
61 silly audit report     }
61 silly audit report   ]
61 silly audit report }
62 timing metavuln:cache:get:security-advisory:ip:PkoqnAOsihoHuR3Fk5c0mRFtnSsUI5BU8nrxHUr93qnnimkRh/gSLq0v3US3+taG3o41fEv3+6ICgO+/cag93Q== Completed in 3ms
63 timing metavuln:cache:get:security-advisory:pug:yI9OqSTGApwM1plZh+GwYkQnIMxxllvP+0cyWi8CvNOqeFNcKdnjfPsy6zk7AaSh0hyoiqfAB8RgrcWvhr3AXA== Completed in 130ms
64 timing metavuln:cache:get:security-advisory:tar:LqR4p1DuCllPv2ja0l23sG1efROfQY3Wyyk/JoZHPWuFUFqzuTFrEHdL/sacTdMQjdxcu9lrbKf9OUNl9krlxQ== Completed in 133ms
65 timing metavuln:cache:get:security-advisory:ip:BJcsN5FXqeX5Z2+OHKRMJjBFmRhZocpgazLMAk2XouUMlCG35xMZ4q8YNNbTlUHOA6ga3QSehvFScbo4oOW2Hw== Completed in 193ms
66 http fetch GET 200 https://registry.npmjs.org/ip 352ms (cache revalidated)
67 timing metavuln:packument:ip Completed in 353ms
68 timing metavuln:load:security-advisory:ip:1096571 Completed in 1ms
69 timing metavuln:calculate:security-advisory:ip:1096571 Completed in 356ms
70 timing metavuln:load:security-advisory:ip:1097346 Completed in 4ms
71 http fetch GET 200 https://registry.npmjs.org/tar 369ms (cache updated)
72 timing metavuln:packument:tar Completed in 372ms
73 timing metavuln:load:security-advisory:tar:1096915 Completed in 2ms
74 http fetch GET 200 https://registry.npmjs.org/pug 398ms (cache revalidated)
75 timing metavuln:packument:pug Completed in 400ms
76 timing metavuln:load:security-advisory:pug:1097337 Completed in 1ms
77 timing metavuln:calculate:security-advisory:pug:1097337 Completed in 401ms
78 timing metavuln:cache:put:security-advisory:ip:PkoqnAOsihoHuR3Fk5c0mRFtnSsUI5BU8nrxHUr93qnnimkRh/gSLq0v3US3+taG3o41fEv3+6ICgO+/cag93Q== Completed in 52ms
79 timing metavuln:calculate:security-advisory:ip:1097346 Completed in 412ms
80 timing metavuln:cache:put:security-advisory:tar:LqR4p1DuCllPv2ja0l23sG1efROfQY3Wyyk/JoZHPWuFUFqzuTFrEHdL/sacTdMQjdxcu9lrbKf9OUNl9krlxQ== Completed in 60ms
81 timing metavuln:calculate:security-advisory:tar:1096915 Completed in 435ms
82 timing metavuln:cache:get:security-advisory:socks:zfho9x+7q8pjg+63sS+ukzZhv7kYniXlnYtM/X4//MiKrr8KAyN/syOVbdjPazQ2YdYKKqk8y/JnXdiJ9ERuBw== Completed in 60ms
83 http fetch GET 200 https://registry.npmjs.org/socks 181ms (cache revalidated)
84 timing metavuln:packument:socks Completed in 183ms
85 timing metavuln:load:security-advisory:socks:BJcsN5FXqeX5Z2+OHKRMJjBFmRhZocpgazLMAk2XouUMlCG35xMZ4q8YNNbTlUHOA6ga3QSehvFScbo4oOW2Hw== Completed in 0ms
86 timing metavuln:calculate:security-advisory:socks:BJcsN5FXqeX5Z2+OHKRMJjBFmRhZocpgazLMAk2XouUMlCG35xMZ4q8YNNbTlUHOA6ga3QSehvFScbo4oOW2Hw== Completed in 184ms
87 timing metavuln:cache:get:security-advisory:sqlite3:YPCOscc2j4PaVcckIE+2/3ohV9AjV7tyNJ8Yk30AFVkIISSL2yasX4Bu+y1GY9qi2WNUE4K3eVHTYAqJkwxH/w== Completed in 121ms
88 timing metavuln:cache:get:security-advisory:cacache:+4gw1jqOAOohs81f9aTkGrbFg4tnp8MdBvx6OJGT875uUJwGCk3+bK7Iyq+jrYeVpJoxPeUScu7l8EjPQSBTMQ== Completed in 128ms
89 timing metavuln:cache:get:security-advisory:pacote:LAEv+4NjZfYD5xM5v30EKp6MbdkhLoFrdQNAhrWV9VLG08eiFbMPZmBG6LHsided7UOf+/VTJxzS/mK/wsUh4w== Completed in 139ms
90 timing metavuln:cache:get:security-advisory:node-gyp:g4wu35zp7y563YCG3FN6HynP5rfRrvDEtcU0JGqYhGL7kcpNDJ+JI5roJyZdWIBuOl74RsYgEx0lm3wZlyPesA== Completed in 180ms
91 http fetch GET 200 https://registry.npmjs.org/node-gyp 353ms (cache revalidated)
92 timing metavuln:packument:node-gyp Completed in 355ms
93 timing metavuln:load:security-advisory:node-gyp:LqR4p1DuCllPv2ja0l23sG1efROfQY3Wyyk/JoZHPWuFUFqzuTFrEHdL/sacTdMQjdxcu9lrbKf9OUNl9krlxQ== Completed in 20ms
94 http fetch GET 200 https://registry.npmjs.org/cacache 392ms (cache updated)
95 timing metavuln:packument:cacache Completed in 395ms
96 timing metavuln:load:security-advisory:cacache:LqR4p1DuCllPv2ja0l23sG1efROfQY3Wyyk/JoZHPWuFUFqzuTFrEHdL/sacTdMQjdxcu9lrbKf9OUNl9krlxQ== Completed in 2ms
97 http fetch GET 200 https://registry.npmjs.org/sqlite3 408ms (cache revalidated)
98 timing metavuln:packument:sqlite3 Completed in 412ms
99 timing metavuln:load:security-advisory:sqlite3:LqR4p1DuCllPv2ja0l23sG1efROfQY3Wyyk/JoZHPWuFUFqzuTFrEHdL/sacTdMQjdxcu9lrbKf9OUNl9krlxQ== Completed in 3ms
100 timing metavuln:cache:put:security-advisory:node-gyp:g4wu35zp7y563YCG3FN6HynP5rfRrvDEtcU0JGqYhGL7kcpNDJ+JI5roJyZdWIBuOl74RsYgEx0lm3wZlyPesA== Completed in 66ms
101 timing metavuln:calculate:security-advisory:node-gyp:LqR4p1DuCllPv2ja0l23sG1efROfQY3Wyyk/JoZHPWuFUFqzuTFrEHdL/sacTdMQjdxcu9lrbKf9OUNl9krlxQ== Completed in 443ms
102 timing metavuln:cache:put:security-advisory:cacache:+4gw1jqOAOohs81f9aTkGrbFg4tnp8MdBvx6OJGT875uUJwGCk3+bK7Iyq+jrYeVpJoxPeUScu7l8EjPQSBTMQ== Completed in 60ms
103 timing metavuln:calculate:security-advisory:cacache:LqR4p1DuCllPv2ja0l23sG1efROfQY3Wyyk/JoZHPWuFUFqzuTFrEHdL/sacTdMQjdxcu9lrbKf9OUNl9krlxQ== Completed in 461ms
104 timing metavuln:cache:put:security-advisory:sqlite3:YPCOscc2j4PaVcckIE+2/3ohV9AjV7tyNJ8Yk30AFVkIISSL2yasX4Bu+y1GY9qi2WNUE4K3eVHTYAqJkwxH/w== Completed in 53ms
105 timing metavuln:calculate:security-advisory:sqlite3:LqR4p1DuCllPv2ja0l23sG1efROfQY3Wyyk/JoZHPWuFUFqzuTFrEHdL/sacTdMQjdxcu9lrbKf9OUNl9krlxQ== Completed in 471ms
106 http fetch GET 200 https://registry.npmjs.org/pacote 500ms (cache updated)
107 timing metavuln:packument:pacote Completed in 504ms
108 timing metavuln:load:security-advisory:pacote:LqR4p1DuCllPv2ja0l23sG1efROfQY3Wyyk/JoZHPWuFUFqzuTFrEHdL/sacTdMQjdxcu9lrbKf9OUNl9krlxQ== Completed in 8ms
109 timing metavuln:cache:put:security-advisory:pacote:LAEv+4NjZfYD5xM5v30EKp6MbdkhLoFrdQNAhrWV9VLG08eiFbMPZmBG6LHsided7UOf+/VTJxzS/mK/wsUh4w== Completed in 41ms
110 timing metavuln:calculate:security-advisory:pacote:LqR4p1DuCllPv2ja0l23sG1efROfQY3Wyyk/JoZHPWuFUFqzuTFrEHdL/sacTdMQjdxcu9lrbKf9OUNl9krlxQ== Completed in 559ms
111 timing auditReport:init Completed in 1186ms
112 timing reify:audit Completed in 2617ms
113 timing reify Completed in 31452ms
114 silly ADD
115 silly REMOVE node_modules/@vscode/node-addon-api
116 timing command:install Completed in 31501ms
117 verbose exit 0
118 timing npm Completed in 32307ms
119 info ok
